2024-06-14T11:59:49  docs: clarify usage notes
2024-07-04T18:16:56  test: add edge case
2024-07-31T13:33:03  refactor: tidy internals
2024-08-28T08:50:10  fix: handle empty input gracefully
2024-09-24T15:07:17  perf: micro-optimization
2024-10-22T10:24:24  style: formatting
2024-10-25T17:41:31  chore: bump dev tooling
2024-11-22T12:58:38  docs: expand examples
2024-12-19T19:15:45  test: strengthen coverage
2025-01-09T14:32:52  chore: tune defaults
2025-02-05T09:49:59  refactor: simplify helper
2025-03-05T16:06:06  chore: routine maintenance
2025-04-01T11:23:13  docs: clarify usage notes
2025-04-29T18:40:20  test: add edge case
2025-05-26T13:57:27  refactor: tidy internals
2025-06-23T08:14:34  fix: handle empty input gracefully
2025-07-20T15:31:41  perf: micro-optimization
2025-07-23T10:48:48  style: formatting
2025-09-06T17:05:55  chore: bump dev tooling
2025-09-09T12:22:02  docs: expand examples
2025-10-07T19:39:09  test: strengthen coverage
2025-11-03T14:56:16  chore: tune defaults
2025-12-01T09:13:23  refactor: simplify helper
2025-12-28T16:30:30  chore: routine maintenance
2026-01-25T11:47:37  docs: clarify usage notes
2026-02-21T18:04:44  test: add edge case
2026-03-14T13:21:51  refactor: tidy internals
2026-04-10T08:38:58  fix: handle empty input gracefully
2026-05-08T15:55:05  perf: micro-optimization
2026-05-11T10:12:12  style: formatting
2024-07-29T11:59:49  chore: ATHENA-PRIME calibration
